<testsuite tests="23">
  <testcase classname="BillStatusSchedulableTest" name="getMonthTextTest" time="58" />
  <testcase classname="BillStatusSchedulableTest" name="withEmailTemplate" time="859" />
  <testcase classname="BillStatusSchedulableTest" name="withoutEmailTemplate" time="78" />
  <testcase classname="CreateSharedExpenseHelperTest" name="getAllContactsActive" time="277" />
  <testcase classname="CreateSharedExpenseHelperTest" name="getAllContactsNoActive" time="105" />
  <testcase classname="CreateSharedExpenseHelperTest" name="getLoggedContactTest" time="126" />
  <testcase classname="CreateSharedExpenseHelperTest" name="lookupMethodsTest" time="151" />
  <testcase classname="CreateSharedExpenseHelperTest" name="searchForAccount" time="224" />
  <testcase classname="CreateSharedExpenseHelperTest" name="searchForAccountWithoutSearchTerm" time="156" />
  <testcase classname="CreateSharedExpenseHelperTest" name="searchForCategory" time="118" />
  <testcase classname="CreateSharedExpenseHelperTest" name="searchForCategoryWithoutSearchTerm" time="71" />
  <testcase classname="CreateSharedExpenseHelperTest" name="searchForEvent" time="121" />
  <testcase classname="CreateSharedExpenseHelperTest" name="searchForEventWithoutSearchTerm" time="92" />
  <testcase classname="CreateSharedExpenseHelperTest" name="searchForLastUsedAccountsInTrx" time="1894" />
  <testcase classname="CurrentStatusUtilsTest" name="getBillsTest" time="2774" />
  <testcase classname="PostInstallTest" name="scheduleJobCreationNoNeeded" time="235" />
  <testcase classname="PostInstallTest" name="scheduleJobCreationSuccess" time="102" />
  <testcase classname="StatusControllerTest" name="dianaDebtScenario" time="2252" />
  <testcase classname="StatusControllerTest" name="getContactsEmailCorrectly" time="413" />
  <testcase classname="StatusControllerTest" name="luisDebtScenario" time="313" />
  <testcase classname="TransactionTriggerTest" name="postToChatterWhenDebt" time="2910" />
  <testcase classname="TransactionTriggerTest" name="testEventAmountCalculation" time="490" />
  <testcase classname="TransactionTriggerTest" name="testEventAmountCalculation2" time="1795" />
</testsuite>