<testsuite tests="23">
  <testcase classname="BillStatusSchedulableTest" name="getMonthTextTest" time="86" />
  <testcase classname="BillStatusSchedulableTest" name="withEmailTemplate" time="5605" />
  <testcase classname="BillStatusSchedulableTest" name="withoutEmailTemplate" time="63" />
  <testcase classname="CreateSharedExpenseHelperTest" name="getAllContactsActive" time="991" />
  <testcase classname="CreateSharedExpenseHelperTest" name="getAllContactsNoActive" time="231" />
  <testcase classname="CreateSharedExpenseHelperTest" name="getLoggedContactTest" time="82" />
  <testcase classname="CreateSharedExpenseHelperTest" name="lookupMethodsTest" time="320" />
  <testcase classname="CreateSharedExpenseHelperTest" name="searchForAccount" time="263" />
  <testcase classname="CreateSharedExpenseHelperTest" name="searchForAccountWithoutSearchTerm" time="121" />
  <testcase classname="CreateSharedExpenseHelperTest" name="searchForCategory" time="200" />
  <testcase classname="CreateSharedExpenseHelperTest" name="searchForCategoryWithoutSearchTerm" time="76" />
  <testcase classname="CreateSharedExpenseHelperTest" name="searchForEvent" time="92" />
  <testcase classname="CreateSharedExpenseHelperTest" name="searchForEventWithoutSearchTerm" time="56" />
  <testcase classname="CreateSharedExpenseHelperTest" name="searchForLastUsedAccountsInTrx" time="273" />
  <testcase classname="CurrentStatusUtilsTest" name="getBillsTest" time="2790" />
  <testcase classname="PostInstallTest" name="scheduleJobCreationNoNeeded" time="385" />
  <testcase classname="PostInstallTest" name="scheduleJobCreationSuccess" time="101" />
  <testcase classname="StatusControllerTest" name="dianaDebtScenario" time="3138" />
  <testcase classname="StatusControllerTest" name="getContactsEmailCorrectly" time="296" />
  <testcase classname="StatusControllerTest" name="luisDebtScenario" time="688" />
  <testcase classname="TransactionTriggerTest" name="postToChatterWhenDebt" time="5336" />
  <testcase classname="TransactionTriggerTest" name="testEventAmountCalculation" time="1586" />
  <testcase classname="TransactionTriggerTest" name="testEventAmountCalculation2" time="2091" />
</testsuite>